Aug 09 15:45:05 mumbai-main erigon[544569]: [INFO] [08-09|15:45:05.751] Build info                               git_branch=HEAD git_tag=v2022.08.01-otterscan git_commit=a390f6bb2cc9be603dea62f8c9a16c0ab6c50e48
Aug 09 15:45:05 mumbai-main erigon[544569]: [INFO] [08-09|15:45:05.751] Starting Erigon on Ethereum mainnet...
Aug 09 15:45:05 mumbai-main erigon[544569]: [INFO] [08-09|15:45:05.752] Maximum peer count                       ETH=100 total=100
Aug 09 15:45:05 mumbai-main erigon[544569]: [INFO] [08-09|15:45:05.752] starting HTTP APIs                       APIs=eth,debug,net,trace,web3,erigon
Aug 09 15:45:05 mumbai-main erigon[544569]: [INFO] [08-09|15:45:05.752] torrent verbosity                        level=WRN
Aug 09 15:45:07 mumbai-main erigon[544569]: [INFO] [08-09|15:45:07.854] Set global gas cap                       cap=50000000
Aug 09 15:45:07 mumbai-main erigon[544569]: [INFO] [08-09|15:45:07.888] Opening Database                         label=chaindata path=/home/ubuntu/.erigon_mainnet/chaindata
Aug 09 15:45:07 mumbai-main erigon[544569]: [INFO] [08-09|15:45:07.890] Re-Opening DB in exclusive mode to apply migrations
Aug 09 15:45:07 mumbai-main erigon[544569]: [INFO] [08-09|15:45:07.891] Apply migration                          name=db_schema_version5
Aug 09 15:45:07 mumbai-main erigon[544569]: [INFO] [08-09|15:45:07.891] Applied migration                        name=db_schema_version5
Aug 09 15:45:07 mumbai-main erigon[544569]: [INFO] [08-09|15:45:07.891] Apply migration                          name=txs_begin_end
Aug 09 15:45:07 mumbai-main erigon[544569]: [INFO] [08-09|15:45:07.891] Applied migration                        name=txs_begin_end
Aug 09 15:45:07 mumbai-main erigon[544569]: [INFO] [08-09|15:45:07.891] Apply migration                          name=reset_blocks_3
Aug 09 15:45:07 mumbai-main erigon[544569]: [INFO] [08-09|15:45:07.891] Applied migration                        name=reset_blocks_3
Aug 09 15:45:07 mumbai-main erigon[544569]: [INFO] [08-09|15:45:07.891] Updated DB schema to                     version=6.0.0
Aug 09 15:45:08 mumbai-main erigon[544569]: [INFO] [08-09|15:45:08.003] Writing custom genesis block             hash=0xd4e56740f876aef8c010b86a40d5f56745a118d0906a34e69aec8c0db1cb8fa3
Aug 09 15:45:08 mumbai-main erigon[544569]: [INFO] [08-09|15:45:08.004] Initialised chain configuration          config="{ChainID: 1, Homestead: 1150000, DAO: 1920000, DAO Support: true, Tangerine Whistle: 2463000, Spurious Dragon: 2675000, Byzantium: 4370000, Constantinople: 7280000, Petersburg: 7280000, Istanbul: 9069000, Muir Glacier: 9200000, Berlin: 12244000, London: 12965000, Arrow Glacier: 13773000, Gray Glacier: 15050000, Terminal Total Difficulty: <nil>, Merge Netsplit: <nil>, Engine: ethash}" genesis=0xd4e56740f876aef8c010b86a40d5f56745a118d0906a34e69aec8c0db1cb8fa3
Aug 09 15:45:08 mumbai-main erigon[544569]: [INFO] [08-09|15:45:08.004] Effective                                prune_flags="--prune.h.older=90000 --prune.r.older=90000 --prune.t.older=90000 --prune.c.older=90000" snapshot_flags="--snapshots=true"
Aug 09 15:45:08 mumbai-main erigon[544569]: [INFO] [08-09|15:45:08.004] Using snapshots                          on=true
Aug 09 15:45:12 mumbai-main erigon[544569]: [INFO] [08-09|15:45:12.378] Initialising Ethereum protocol           network=1
Aug 09 15:45:12 mumbai-main erigon[544569]: [INFO] [08-09|15:45:12.378] Disk storage enabled for ethash DAGs     dir=/home/ubuntu/.erigon_mainnet/ethash-dags count=2
Aug 09 15:45:12 mumbai-main erigon[544569]: [INFO] [08-09|15:45:12.380] Starting private RPC server              on=127.0.0.1:9092
Aug 09 15:45:12 mumbai-main erigon[544569]: [INFO] [08-09|15:45:12.380] new subscription to logs established
Aug 09 15:45:12 mumbai-main erigon[544569]: [INFO] [08-09|15:45:12.380] rpc filters: subscribing to Erigon events
Aug 09 15:45:12 mumbai-main erigon[544569]: [INFO] [08-09|15:45:12.380] New txs subscriber joined
Aug 09 15:45:12 mumbai-main erigon[544569]: [INFO] [08-09|15:45:12.380] new subscription to newHeaders established
Aug 09 15:45:12 mumbai-main erigon[544569]: [INFO] [08-09|15:45:12.381] Reading JWT secret                       path=/home/ubuntu/.erigon_mainnet/jwt.hex
Aug 09 15:45:12 mumbai-main erigon[544569]: [INFO] [08-09|15:45:12.390] [txpool] Started
Aug 09 15:45:12 mumbai-main erigon[544569]: [INFO] [08-09|15:45:12.402] Generated JWT secret                     path=/home/ubuntu/.erigon_mainnet/jwt.hex
Aug 09 15:45:12 mumbai-main erigon[544569]: [EROR] [08-09|15:45:12.402] could not start RPC api for engine: could not start RPC api: listen tcp 127.0.0.1:8551: bind: address already in use
Aug 09 15:45:12 mumbai-main erigon[544569]: [INFO] [08-09|15:45:12.404] [Snapshots] Fetching torrent files metadata
Aug 09 15:45:12 mumbai-main erigon[544569]: [INFO] [08-09|15:45:12.405] Started P2P networking                   version=66 self=enode://ef8d03637757bce6dfcc7edeb86915420cd7464ccc8181744f2d0fd04b7e60dccd3416eecfaacfa5aef5f2d4a7e003b28f35a6309077d88dac58619c68eee56c@127.0.0.1:40407 name=erigon/v2022.08.1-alpha-a390f6bb/linux-amd64/go1.18.1
Aug 09 15:45:12 mumbai-main erigon[544569]: [INFO] [08-09|15:45:12.406] [Snapshots] Stat                         blocks=15000k indices=15000k alloc=2.4GB sys=2.6GB
Aug 09 15:45:32 mumbai-main erigon[544569]: [INFO] [08-09|15:45:32.406] [1/16 Headers] Writing total difficulty index for snapshots block_num=3339822
Aug 09 15:45:52 mumbai-main erigon[544569]: [INFO] [08-09|15:45:52.407] [1/16 Headers] Writing total difficulty index for snapshots block_num=5804835
Aug 09 15:46:12 mumbai-main erigon[544569]: [INFO] [08-09|15:46:12.381] [txpool] stat                            block=0 pending=0 baseFee=0 queued=0 alloc=2.9GB sys=5.0GB
Aug 09 15:46:12 mumbai-main erigon[544569]: [INFO] [08-09|15:46:12.406] [1/16 Headers] Writing total difficulty index for snapshots block_num=8323580
Aug 09 15:46:34 mumbai-main erigon[544569]: [INFO] [08-09|15:46:34.462] [1/16 Headers] Writing total difficulty index for snapshots block_num=11184812
Aug 09 15:46:52 mumbai-main erigon[544569]: [INFO] [08-09|15:46:52.406] [1/16 Headers] Writing total difficulty index for snapshots block_num=14094510
Aug 09 15:47:11 mumbai-main erigon[544569]: [INFO] [08-09|15:47:11.010] [1/16 Headers] Waiting for headers...    from=14999999
Aug 09 15:47:12 mumbai-main erigon[544569]: [INFO] [08-09|15:47:12.378] [p2p] GoodPeers                          eth66=13
Aug 09 15:47:12 mumbai-main erigon[544569]: [INFO] [08-09|15:47:12.381] [txpool] stat                            block=0 pending=0 baseFee=0 queued=0 alloc=4.2GB sys=5.0GB
Aug 09 15:47:31 mumbai-main erigon[544569]: [INFO] [08-09|15:47:31.013] [1/16 Headers] Inserting headers         progress=15001964 queue=1
Aug 09 15:47:51 mumbai-main erigon[544569]: [INFO] [08-09|15:47:51.012] [1/16 Headers] Inserting headers         progress=15008050 queue=1
Aug 09 15:48:11 mumbai-main erigon[544569]: [INFO] [08-09|15:48:11.012] [1/16 Headers] Inserting headers         progress=15014373 queue=1
Aug 09 15:48:12 mumbai-main erigon[544569]: [INFO] [08-09|15:48:12.381] [txpool] stat                            block=0 pending=0 baseFee=0 queued=0 alloc=3.5GB sys=5.0GB
Aug 09 15:48:31 mumbai-main erigon[544569]: [INFO] [08-09|15:48:31.010] [1/16 Headers] Inserting headers         progress=15020671 queue=1
Aug 09 15:48:51 mumbai-main erigon[544569]: [INFO] [08-09|15:48:51.012] [1/16 Headers] Inserting headers         progress=15027001 queue=1
Aug 09 15:49:11 mumbai-main erigon[544569]: [INFO] [08-09|15:49:11.013] [1/16 Headers] Inserting headers         progress=15033393 queue=1
Aug 09 15:49:12 mumbai-main erigon[544569]: [INFO] [08-09|15:49:12.378] [p2p] GoodPeers                          eth66=25
Aug 09 15:49:12 mumbai-main erigon[544569]: [INFO] [08-09|15:49:12.381] [txpool] stat                            block=0 pending=0 baseFee=0 queued=0 alloc=2.7GB sys=5.0GB
Aug 09 15:49:31 mumbai-main erigon[544569]: [INFO] [08-09|15:49:31.012] [1/16 Headers] Inserting headers         progress=15039593 queue=1
Aug 09 15:49:51 mumbai-main erigon[544569]: [INFO] [08-09|15:49:51.016] [1/16 Headers] Inserting headers         progress=15045875 queue=1
Aug 09 15:50:11 mumbai-main erigon[544569]: [INFO] [08-09|15:50:11.013] [1/16 Headers] Inserting headers         progress=15052157 queue=1
Aug 09 15:50:12 mumbai-main erigon[544569]: [INFO] [08-09|15:50:12.381] [txpool] stat                            block=0 pending=0 baseFee=0 queued=603 alloc=3.4GB sys=5.0GB
Aug 09 15:50:31 mumbai-main erigon[544569]: [INFO] [08-09|15:50:31.011] [1/16 Headers] Wrote block headers       number=15055295 blk/second=2764.800 alloc=3.7GB sys=5.0GB
Aug 09 15:50:51 mumbai-main erigon[544569]: [INFO] [08-09|15:50:51.011] [1/16 Headers] Inserting headers         progress=15059296 queue=1
Aug 09 15:51:11 mumbai-main erigon[544569]: [INFO] [08-09|15:51:11.011] [1/16 Headers] Inserting headers         progress=15065806 queue=1
Aug 09 15:51:12 mumbai-main erigon[544569]: [INFO] [08-09|15:51:12.380] [p2p] GoodPeers                          eth66=30
Aug 09 15:51:12 mumbai-main erigon[544569]: [INFO] [08-09|15:51:12.382] [txpool] stat                            block=0 pending=0 baseFee=0 queued=603 alloc=2.8GB sys=5.1GB
Aug 09 15:51:31 mumbai-main erigon[544569]: [INFO] [08-09|15:51:31.012] [1/16 Headers] Inserting headers         progress=15072456 queue=1
Aug 09 15:51:51 mumbai-main erigon[544569]: [INFO] [08-09|15:51:51.011] [1/16 Headers] Inserting headers         progress=15079008 queue=1
Aug 09 15:52:11 mumbai-main erigon[544569]: [INFO] [08-09|15:52:11.013] [1/16 Headers] Inserting headers         progress=15085696 queue=1
Aug 09 15:52:12 mumbai-main erigon[544569]: [INFO] [08-09|15:52:12.381] [txpool] stat                            block=0 pending=0 baseFee=0 queued=624 alloc=3.6GB sys=5.1GB
Aug 09 15:52:31 mumbai-main erigon[544569]: [INFO] [08-09|15:52:31.014] [1/16 Headers] Inserting headers         progress=15092196 queue=1
Aug 09 15:52:51 mumbai-main erigon[544569]: [INFO] [08-09|15:52:51.010] [1/16 Headers] Inserting headers         progress=15098598 queue=1
Aug 09 15:53:11 mumbai-main erigon[544569]: [INFO] [08-09|15:53:11.013] [1/16 Headers] Inserting headers         progress=15105026 queue=1
Aug 09 15:53:12 mumbai-main erigon[544569]: [INFO] [08-09|15:53:12.378] [p2p] GoodPeers                          eth66=36
Aug 09 15:53:12 mumbai-main erigon[544569]: [INFO] [08-09|15:53:12.381] [txpool] stat                            block=0 pending=0 baseFee=0 queued=624 alloc=2.7GB sys=5.1GB
Aug 09 15:53:31 mumbai-main erigon[544569]: [INFO] [08-09|15:53:31.012] [1/16 Headers] Inserting headers         progress=15111307 queue=1
Aug 09 15:53:51 mumbai-main erigon[544569]: [INFO] [08-09|15:53:51.010] [1/16 Headers] Inserting headers         progress=15117745 queue=1
Aug 09 15:54:11 mumbai-main erigon[544569]: [INFO] [08-09|15:54:11.011] [1/16 Headers] Inserting headers         progress=15124102 queue=1
Aug 09 15:54:12 mumbai-main erigon[544569]: [INFO] [08-09|15:54:12.381] [txpool] stat                            block=0 pending=0 baseFee=0 queued=624 alloc=3.5GB sys=5.1GB
Aug 09 15:54:31 mumbai-main erigon[544569]: [INFO] [08-09|15:54:31.012] [1/16 Headers] Inserting headers         progress=15130332 queue=1
Aug 09 15:54:51 mumbai-main erigon[544569]: [INFO] [08-09|15:54:51.010] [1/16 Headers] Inserting headers         progress=15136562 queue=1
Aug 09 15:55:11 mumbai-main erigon[544569]: [INFO] [08-09|15:55:11.013] [1/16 Headers] Inserting headers         progress=15142864 queue=1
Aug 09 15:55:12 mumbai-main erigon[544569]: [INFO] [08-09|15:55:12.378] [p2p] GoodPeers                          eth66=40
Aug 09 15:55:12 mumbai-main erigon[544569]: [INFO] [08-09|15:55:12.393] [txpool] stat                            block=0 pending=0 baseFee=0 queued=624 alloc=2.7GB sys=5.1GB
Aug 09 15:55:31 mumbai-main erigon[544569]: [INFO] [08-09|15:55:31.012] [1/16 Headers] Inserting headers         progress=15149140 queue=1
Aug 09 15:55:51 mumbai-main erigon[544569]: [INFO] [08-09|15:55:51.011] [1/16 Headers] Inserting headers         progress=15155621 queue=1
Aug 09 15:56:11 mumbai-main erigon[544569]: [INFO] [08-09|15:56:11.012] [1/16 Headers] Inserting headers         progress=15162125 queue=1
Aug 09 15:56:12 mumbai-main erigon[544569]: [INFO] [08-09|15:56:12.381] [txpool] stat                            block=0 pending=0 baseFee=0 queued=624 alloc=3.5GB sys=5.1GB
Aug 09 15:56:31 mumbai-main erigon[544569]: [INFO] [08-09|15:56:31.012] [1/16 Headers] Inserting headers         progress=15168469 queue=1
Aug 09 15:56:51 mumbai-main erigon[544569]: [INFO] [08-09|15:56:51.011] [1/16 Headers] Inserting headers         progress=15174880 queue=1
Aug 09 15:57:11 mumbai-main erigon[544569]: [INFO] [08-09|15:57:11.012] [1/16 Headers] Inserting headers         progress=15181135 queue=1
Aug 09 15:57:12 mumbai-main erigon[544569]: [INFO] [08-09|15:57:12.378] [p2p] GoodPeers                          eth66=43
Aug 09 15:57:12 mumbai-main erigon[544569]: [INFO] [08-09|15:57:12.381] [txpool] stat                            block=0 pending=0 baseFee=0 queued=624 alloc=2.7GB sys=5.1GB
Aug 09 15:57:31 mumbai-main erigon[544569]: [INFO] [08-09|15:57:31.013] [1/16 Headers] Inserting headers         progress=15187633 queue=1
Aug 09 15:57:51 mumbai-main erigon[544569]: [INFO] [08-09|15:57:51.012] [1/16 Headers] Inserting headers         progress=15194102 queue=1
Aug 09 15:58:11 mumbai-main erigon[544569]: [INFO] [08-09|15:58:11.013] [1/16 Headers] Inserting headers         progress=15200554 queue=1
Aug 09 15:58:12 mumbai-main erigon[544569]: [INFO] [08-09|15:58:12.381] [txpool] stat                            block=0 pending=0 baseFee=0 queued=625 alloc=3.4GB sys=5.1GB
Aug 09 15:58:31 mumbai-main erigon[544569]: [INFO] [08-09|15:58:31.010] [1/16 Headers] Inserting headers         progress=15207062 queue=1
Aug 09 15:58:51 mumbai-main erigon[544569]: [INFO] [08-09|15:58:51.012] [1/16 Headers] Inserting headers         progress=15213588 queue=1
Aug 09 15:59:11 mumbai-main erigon[544569]: [INFO] [08-09|15:59:11.012] [1/16 Headers] Inserting headers         progress=15220003 queue=1
Aug 09 15:59:12 mumbai-main erigon[544569]: [INFO] [08-09|15:59:12.378] [p2p] GoodPeers                          eth66=43
Aug 09 15:59:12 mumbai-main erigon[544569]: [INFO] [08-09|15:59:12.381] [txpool] stat                            block=0 pending=0 baseFee=0 queued=625 alloc=2.6GB sys=5.1GB
Aug 09 15:59:31 mumbai-main erigon[544569]: [INFO] [08-09|15:59:31.012] [1/16 Headers] Inserting headers         progress=15226416 queue=1
Aug 09 15:59:51 mumbai-main erigon[544569]: [INFO] [08-09|15:59:51.012] [1/16 Headers] Inserting headers         progress=15232945 queue=1
Aug 09 16:00:11 mumbai-main erigon[544569]: [INFO] [08-09|16:00:11.011] [1/16 Headers] Inserting headers         progress=15239434 queue=1
Aug 09 16:00:12 mumbai-main erigon[544569]: [INFO] [08-09|16:00:12.381] [txpool] stat                            block=0 pending=0 baseFee=0 queued=625 alloc=3.2GB sys=5.1GB
Aug 09 16:00:31 mumbai-main erigon[544569]: [INFO] [08-09|16:00:31.011] [1/16 Headers] Inserting headers         progress=15245901 queue=1
Aug 09 16:00:51 mumbai-main erigon[544569]: [INFO] [08-09|16:00:51.011] [1/16 Headers] Inserting headers         progress=15252235 queue=1
Aug 09 16:01:11 mumbai-main erigon[544569]: [INFO] [08-09|16:01:11.012] [1/16 Headers] Inserting headers         progress=15258553 queue=1
Aug 09 16:01:12 mumbai-main erigon[544569]: [INFO] [08-09|16:01:12.378] [p2p] GoodPeers                          eth66=45
Aug 09 16:01:12 mumbai-main erigon[544569]: [INFO] [08-09|16:01:12.381] [txpool] stat                            block=0 pending=0 baseFee=0 queued=625 alloc=2.5GB sys=5.1GB
Aug 09 16:01:31 mumbai-main erigon[544569]: [INFO] [08-09|16:01:31.012] [1/16 Headers] Inserting headers         progress=15265104 queue=1
Aug 09 16:01:51 mumbai-main erigon[544569]: [INFO] [08-09|16:01:51.012] [1/16 Headers] Inserting headers         progress=15271558 queue=1
Aug 09 16:02:11 mumbai-main erigon[544569]: [INFO] [08-09|16:02:11.010] [1/16 Headers] Inserting headers         progress=15277987 queue=1
Aug 09 16:02:12 mumbai-main erigon[544569]: [INFO] [08-09|16:02:12.381] [txpool] stat                            block=0 pending=0 baseFee=0 queued=625 alloc=3.3GB sys=5.1GB
Aug 09 16:02:31 mumbai-main erigon[544569]: [INFO] [08-09|16:02:31.011] [1/16 Headers] Inserting headers         progress=15284301 queue=1
Aug 09 16:02:51 mumbai-main erigon[544569]: [INFO] [08-09|16:02:51.012] [1/16 Headers] Inserting headers         progress=15290710 queue=1
Aug 09 16:03:11 mumbai-main erigon[544569]: [INFO] [08-09|16:03:11.013] [1/16 Headers] Inserting headers         progress=15297049 queue=1
Aug 09 16:03:12 mumbai-main erigon[544569]: [INFO] [08-09|16:03:12.378] [p2p] GoodPeers                          eth66=46
Aug 09 16:03:12 mumbai-main erigon[544569]: [INFO] [08-09|16:03:12.381] [txpool] stat                            block=0 pending=0 baseFee=0 queued=625 alloc=2.5GB sys=5.1GB
Aug 09 16:03:31 mumbai-main erigon[544569]: [INFO] [08-09|16:03:31.012] [1/16 Headers] Inserting headers         progress=15303299 queue=1
Aug 09 16:03:51 mumbai-main erigon[544569]: [INFO] [08-09|16:03:51.884] [1/16 Headers] Processed                 highest inserted=15308947 age=20s
Aug 09 16:03:51 mumbai-main erigon[544569]: [INFO] [08-09|16:03:51.885] [1/16 Headers] DONE                      in=18m39.494671217s
Aug 09 16:03:55 mumbai-main erigon[544569]: [INFO] [08-09|16:03:55.785] [4/16 Bodies] Processing bodies...       from=14999999 to=15308947
Aug 09 16:03:55 mumbai-main erigon[544569]: [WARN] [08-09|16:03:55.865] Handling incoming message                stream=RecvMessage err="decode BlockBodiesPacket66: rlp: input list has too many elements for eth.BlockRawBodiesPacket66"
Aug 09 16:03:55 mumbai-main erigon[544569]: [WARN] [08-09|16:03:55.942] Handling incoming message                stream=RecvMessage err="decode BlockBodiesPacket66: rlp: input list has too many elements for eth.BlockRawBodiesPacket66"
Aug 09 16:03:59 mumbai-main erigon[544569]: [INFO] [08-09|16:03:59.987] Generating ethash verification cache     epoch=500 percentage=94 elapsed=3.000s
Aug 09 16:04:12 mumbai-main erigon[544569]: [INFO] [08-09|16:04:12.381] [txpool] stat                            block=0 pending=0 baseFee=0 queued=625 alloc=4.8GB sys=6.7GB
Aug 09 16:04:15 mumbai-main erigon[544569]: [INFO] [08-09|16:04:15.785] [4/16 Bodies] Wrote block bodies         block_num=15000924 delivery/sec=78.9MB wasted/sec=1.5MB alloc=5.2GB sys=6.7GB
Aug 09 16:04:35 mumbai-main erigon[544569]: [INFO] [08-09|16:04:35.785] [4/16 Bodies] Wrote block bodies         block_num=15002617 delivery/sec=57.9MB wasted/sec=226.5KB alloc=5.6GB sys=9.0GB
Aug 09 16:04:55 mumbai-main erigon[544569]: [INFO] [08-09|16:04:55.785] [4/16 Bodies] Wrote block bodies         block_num=15002913 delivery/sec=11.7MB wasted/sec=914B alloc=6.9GB sys=9.0GB
Aug 09 16:05:12 mumbai-main erigon[544569]: [INFO] [08-09|16:05:12.378] [p2p] GoodPeers                          eth66=37
Aug 09 16:05:12 mumbai-main erigon[544569]: [INFO] [08-09|16:05:12.381] [txpool] stat                            block=0 pending=0 baseFee=0 queued=625 alloc=8.2GB sys=9.0GB
Aug 09 16:05:15 mumbai-main erigon[544569]: [INFO] [08-09|16:05:15.785] [4/16 Bodies] Wrote block bodies         block_num=15003170 delivery/sec=12.7MB wasted/sec=217.9KB alloc=8.3GB sys=9.0GB
Aug 09 16:05:35 mumbai-main erigon[544569]: [INFO] [08-09|16:05:35.786] [4/16 Bodies] Wrote block bodies         block_num=15005611 delivery/sec=9.2MB wasted/sec=241B alloc=9.3GB sys=9.8GB
Aug 09 16:05:55 mumbai-main erigon[544569]: [INFO] [08-09|16:05:55.786] [4/16 Bodies] Wrote block bodies         block_num=15005611 delivery/sec=2.8MB wasted/sec=0B alloc=9.7GB sys=10.3GB
Aug 09 16:06:12 mumbai-main erigon[544569]: [INFO] [08-09|16:06:12.381] [txpool] stat                            block=0 pending=0 baseFee=0 queued=625 alloc=10.3GB sys=10.8GB
Aug 09 16:06:15 mumbai-main erigon[544569]: [INFO] [08-09|16:06:15.785] [4/16 Bodies] Wrote block bodies         block_num=15006161 delivery/sec=4.9MB wasted/sec=0B alloc=10.3GB sys=10.9GB
Aug 09 16:06:38 mumbai-main erigon[544569]: [INFO] [08-09|16:06:38.223] [4/16 Bodies] Wrote block bodies         block_num=15029741 delivery/sec=21.4MB wasted/sec=638B alloc=8.2GB sys=10.9GB
Aug 09 16:06:55 mumbai-main erigon[544569]: [INFO] [08-09|16:06:55.785] [4/16 Bodies] Wrote block bodies         block_num=15029741 delivery/sec=50.4MB wasted/sec=2.0KB alloc=6.4GB sys=12.2GB
Aug 09 16:07:12 mumbai-main erigon[544569]: [INFO] [08-09|16:07:12.378] [p2p] GoodPeers                          eth66=44
Aug 09 16:07:12 mumbai-main erigon[544569]: [INFO] [08-09|16:07:12.382] [txpool] stat                            block=0 pending=0 baseFee=0 queued=625 alloc=6.6GB sys=12.2GB
Aug 09 16:07:15 mumbai-main erigon[544569]: [INFO] [08-09|16:07:15.785] [4/16 Bodies] Wrote block bodies         block_num=15038946 delivery/sec=47.4MB wasted/sec=319.2KB alloc=7.2GB sys=12.2GB
Aug 09 16:07:35 mumbai-main erigon[544569]: [INFO] [08-09|16:07:35.786] [4/16 Bodies] Wrote block bodies         block_num=15039573 delivery/sec=3.1MB wasted/sec=754B alloc=7.6GB sys=12.2GB
Aug 09 16:07:55 mumbai-main erigon[544569]: [INFO] [08-09|16:07:55.785] [4/16 Bodies] Wrote block bodies         block_num=15039573 delivery/sec=11.6MB wasted/sec=1.1KB alloc=8.8GB sys=12.2GB
Aug 09 16:08:12 mumbai-main erigon[544569]: [INFO] [08-09|16:08:12.381] [txpool] stat                            block=0 pending=0 baseFee=0 queued=625 alloc=5.6GB sys=12.2GB
Aug 09 16:08:15 mumbai-main erigon[544569]: [INFO] [08-09|16:08:15.786] [4/16 Bodies] Wrote block bodies         block_num=15042595 delivery/sec=8.5MB wasted/sec=417B alloc=6.2GB sys=12.2GB
Aug 09 16:08:35 mumbai-main erigon[544569]: [INFO] [08-09|16:08:35.786] [4/16 Bodies] Wrote block bodies         block_num=15057253 delivery/sec=49.2MB wasted/sec=1.8KB alloc=5.3GB sys=12.2GB
Aug 09 16:08:55 mumbai-main erigon[544569]: [INFO] [08-09|16:08:55.787] [4/16 Bodies] Wrote block bodies         block_num=15072865 delivery/sec=40.2MB wasted/sec=2.0KB alloc=4.9GB sys=12.2GB
Aug 09 16:09:12 mumbai-main erigon[544569]: [INFO] [08-09|16:09:12.378] [p2p] GoodPeers                          eth66=46
Aug 09 16:09:12 mumbai-main erigon[544569]: [INFO] [08-09|16:09:12.381] [txpool] stat                            block=0 pending=0 baseFee=0 queued=625 alloc=5.8GB sys=12.2GB
Aug 09 16:09:15 mumbai-main erigon[544569]: [INFO] [08-09|16:09:15.785] [4/16 Bodies] Wrote block bodies         block_num=15072892 delivery/sec=8.9MB wasted/sec=455B alloc=5.8GB sys=12.2GB
Aug 09 16:09:38 mumbai-main erigon[544569]: [INFO] [08-09|16:09:38.855] [4/16 Bodies] Wrote block bodies         block_num=15093663 delivery/sec=69.5MB wasted/sec=2.5KB alloc=5.0GB sys=12.3GB
Aug 09 16:09:55 mumbai-main erigon[544569]: [INFO] [08-09|16:09:55.847] [4/16 Bodies] Wrote block bodies         block_num=15098686 delivery/sec=40.8MB wasted/sec=1.3KB alloc=9.0GB sys=12.3GB
Aug 09 16:10:12 mumbai-main erigon[544569]: [INFO] [08-09|16:10:12.382] [txpool] stat                            block=0 pending=0 baseFee=0 queued=625 alloc=6.0GB sys=12.3GB
Aug 09 16:10:15 mumbai-main erigon[544569]: [INFO] [08-09|16:10:15.785] [4/16 Bodies] Wrote block bodies         block_num=15099134 delivery/sec=17.8MB wasted/sec=638B alloc=6.2GB sys=12.3GB
Aug 09 16:10:35 mumbai-main erigon[544569]: [INFO] [08-09|16:10:35.785] [4/16 Bodies] Wrote block bodies         block_num=15102969 delivery/sec=16.7MB wasted/sec=245B alloc=7.9GB sys=12.3GB
Aug 09 16:10:55 mumbai-main erigon[544569]: [INFO] [08-09|16:10:55.786] [4/16 Bodies] Wrote block bodies         block_num=15102969 delivery/sec=527.0KB wasted/sec=0B alloc=8.2GB sys=12.3GB
Aug 09 16:11:12 mumbai-main erigon[544569]: [INFO] [08-09|16:11:12.379] [p2p] GoodPeers                          eth66=47
Aug 09 16:11:12 mumbai-main erigon[544569]: [INFO] [08-09|16:11:12.381] [txpool] stat                            block=0 pending=0 baseFee=0 queued=625 alloc=9.4GB sys=12.3GB
Aug 09 16:11:15 mumbai-main erigon[544569]: [INFO] [08-09|16:11:15.785] [4/16 Bodies] Wrote block bodies         block_num=15105547 delivery/sec=10.9MB wasted/sec=152B alloc=9.4GB sys=12.3GB
Aug 09 16:11:35 mumbai-main erigon[544569]: [INFO] [08-09|16:11:35.785] [4/16 Bodies] Wrote block bodies         block_num=15110336 delivery/sec=16.2MB wasted/sec=322B alloc=6.9GB sys=12.3GB
Aug 09 16:11:55 mumbai-main erigon[544569]: [INFO] [08-09|16:11:55.785] [4/16 Bodies] Wrote block bodies         block_num=15110336 delivery/sec=1.4MB wasted/sec=0B alloc=7.2GB sys=12.3GB
Aug 09 16:12:12 mumbai-main erigon[544569]: [INFO] [08-09|16:12:12.381] [txpool] stat                            block=0 pending=0 baseFee=0 queued=625 alloc=7.6GB sys=12.3GB
Aug 09 16:12:15 mumbai-main erigon[544569]: [INFO] [08-09|16:12:15.785] [4/16 Bodies] Wrote block bodies         block_num=15110336 delivery/sec=2.9MB wasted/sec=346B alloc=7.6GB sys=12.3GB
Aug 09 16:12:41 mumbai-main erigon[544569]: [INFO] [08-09|16:12:41.304] [4/16 Bodies] Wrote block bodies         block_num=15134259 delivery/sec=641.6KB wasted/sec=0B alloc=8.2GB sys=12.3GB
Aug 09 16:12:55 mumbai-main erigon[544569]: [INFO] [08-09|16:12:55.785] [4/16 Bodies] Wrote block bodies         block_num=15136151 delivery/sec=59.6MB wasted/sec=325.5KB alloc=4.9GB sys=12.3GB
Aug 09 16:13:12 mumbai-main erigon[544569]: [INFO] [08-09|16:13:12.378] [p2p] GoodPeers                          eth66=51
Aug 09 16:13:12 mumbai-main erigon[544569]: [INFO] [08-09|16:13:12.381] [txpool] stat                            block=0 pending=0 baseFee=0 queued=625 alloc=4.8GB sys=12.3GB
Aug 09 16:13:15 mumbai-main erigon[544569]: [INFO] [08-09|16:13:15.786] [4/16 Bodies] Wrote block bodies         block_num=15140305 delivery/sec=35.9MB wasted/sec=1.2KB alloc=5.8GB sys=12.3GB
Aug 09 16:13:36 mumbai-main erigon[544569]: [INFO] [08-09|16:13:36.538] [4/16 Bodies] Wrote block bodies         block_num=15143799 delivery/sec=17.9MB wasted/sec=1.1KB alloc=7.7GB sys=12.3GB
Aug 09 16:13:55 mumbai-main erigon[544569]: [INFO] [08-09|16:13:55.785] [4/16 Bodies] Wrote block bodies         block_num=15148760 delivery/sec=34.4MB wasted/sec=2.0KB alloc=8.1GB sys=12.3GB
Aug 09 16:14:12 mumbai-main erigon[544569]: [INFO] [08-09|16:14:12.381] [txpool] stat                            block=0 pending=0 baseFee=0 queued=625 alloc=8.4GB sys=12.3GB
Aug 09 16:14:18 mumbai-main erigon[544569]: [INFO] [08-09|16:14:18.406] [4/16 Bodies] Wrote block bodies         block_num=15154231 delivery/sec=5.7MB wasted/sec=264B alloc=8.9GB sys=12.3GB
Aug 09 16:14:35 mumbai-main erigon[544569]: [INFO] [08-09|16:14:35.786] [4/16 Bodies] Wrote block bodies         block_num=15154231 delivery/sec=17.9MB wasted/sec=605B alloc=6.8GB sys=12.3GB
Aug 09 16:15:03 mumbai-main erigon[544569]: [INFO] [08-09|16:15:03.631] [4/16 Bodies] Wrote block bodies         block_num=15181534 delivery/sec=34.7MB wasted/sec=1.8KB alloc=5.4GB sys=12.3GB
Aug 09 16:15:12 mumbai-main erigon[544569]: [INFO] [08-09|16:15:12.378] [p2p] GoodPeers                          eth66=53
Aug 09 16:15:12 mumbai-main erigon[544569]: [INFO] [08-09|16:15:12.381] [txpool] stat                            block=0 pending=0 baseFee=0 queued=625 alloc=6.8GB sys=12.3GB
Aug 09 16:15:15 mumbai-main erigon[544569]: [INFO] [08-09|16:15:15.785] [4/16 Bodies] Wrote block bodies         block_num=15181534 delivery/sec=50.4MB wasted/sec=1.4KB alloc=7.0GB sys=12.3GB
Aug 09 16:15:35 mumbai-main erigon[544569]: [INFO] [08-09|16:15:35.786] [4/16 Bodies] Wrote block bodies         block_num=15182136 delivery/sec=23.6MB wasted/sec=1.4KB alloc=6.4GB sys=12.3GB
Aug 09 16:15:55 mumbai-main erigon[544569]: [INFO] [08-09|16:15:55.785] [4/16 Bodies] Wrote block bodies         block_num=15188539 delivery/sec=22.1MB wasted/sec=1.4KB alloc=8.8GB sys=12.3GB
Aug 09 16:16:12 mumbai-main erigon[544569]: [INFO] [08-09|16:16:12.381] [txpool] stat                            block=0 pending=0 baseFee=0 queued=626 alloc=5.6GB sys=12.3GB
Aug 09 16:16:15 mumbai-main erigon[544569]: [INFO] [08-09|16:16:15.785] [4/16 Bodies] Wrote block bodies         block_num=15192166 delivery/sec=15.8MB wasted/sec=1.4KB alloc=5.7GB sys=12.3GB
Aug 09 16:16:35 mumbai-main erigon[544569]: [INFO] [08-09|16:16:35.787] [4/16 Bodies] Wrote block bodies         block_num=15197113 delivery/sec=17.1MB wasted/sec=1.6KB alloc=7.5GB sys=12.3GB
Aug 09 16:16:55 mumbai-main erigon[544569]: [INFO] [08-09|16:16:55.785] [4/16 Bodies] Wrote block bodies         block_num=15215726 delivery/sec=61.3MB wasted/sec=2.7KB alloc=8.7GB sys=12.4GB
Aug 09 16:17:12 mumbai-main erigon[544569]: [INFO] [08-09|16:17:12.378] [p2p] GoodPeers                          eth66=58
Aug 09 16:17:12 mumbai-main erigon[544569]: [INFO] [08-09|16:17:12.381] [txpool] stat                            block=0 pending=0 baseFee=0 queued=626 alloc=5.9GB sys=12.4GB
Aug 09 16:17:15 mumbai-main erigon[544569]: [INFO] [08-09|16:17:15.786] [4/16 Bodies] Wrote block bodies         block_num=15215726 delivery/sec=13.1MB wasted/sec=987B alloc=6.1GB sys=12.4GB
Aug 09 16:17:35 mumbai-main erigon[544569]: [INFO] [08-09|16:17:35.845] [4/16 Bodies] Wrote block bodies         block_num=15229502 delivery/sec=39.0MB wasted/sec=1.5KB alloc=5.5GB sys=12.4GB
Aug 09 16:17:55 mumbai-main erigon[544569]: [INFO] [08-09|16:17:55.785] [4/16 Bodies] Wrote block bodies         block_num=15229502 delivery/sec=16.8MB wasted/sec=413B alloc=7.2GB sys=12.4GB
Aug 09 16:18:12 mumbai-main erigon[544569]: [INFO] [08-09|16:18:12.382] [txpool] stat                            block=0 pending=0 baseFee=0 queued=626 alloc=8.1GB sys=12.5GB
Aug 09 16:18:16 mumbai-main erigon[544569]: [INFO] [08-09|16:18:16.072] [4/16 Bodies] Wrote block bodies         block_num=15251292 delivery/sec=22.0MB wasted/sec=397B alloc=4.4GB sys=12.5GB
Aug 09 16:18:35 mumbai-main erigon[544569]: [INFO] [08-09|16:18:35.785] [4/16 Bodies] Wrote block bodies         block_num=15251292 delivery/sec=50.9MB wasted/sec=1.2KB alloc=6.9GB sys=12.5GB
Aug 09 16:18:55 mumbai-main erigon[544569]: [INFO] [08-09|16:18:55.800] [4/16 Bodies] Wrote block bodies         block_num=15266214 delivery/sec=55.7MB wasted/sec=110.0KB alloc=8.8GB sys=12.5GB
Aug 09 16:19:12 mumbai-main erigon[544569]: [INFO] [08-09|16:19:12.378] [p2p] GoodPeers                          eth66=59
Aug 09 16:19:12 mumbai-main erigon[544569]: [INFO] [08-09|16:19:12.381] [txpool] stat                            block=0 pending=0 baseFee=0 queued=626 alloc=5.5GB sys=12.5GB
Aug 09 16:19:16 mumbai-main erigon[544569]: [INFO] [08-09|16:19:16.093] [4/16 Bodies] Wrote block bodies         block_num=15268475 delivery/sec=15.4MB wasted/sec=301B alloc=5.9GB sys=12.5GB
Aug 09 16:19:35 mumbai-main erigon[544569]: [INFO] [08-09|16:19:35.785] [4/16 Bodies] Wrote block bodies         block_num=15274139 delivery/sec=35.9MB wasted/sec=1.1KB alloc=9.6GB sys=12.5GB
Aug 09 16:19:55 mumbai-main erigon[544569]: [INFO] [08-09|16:19:55.785] [4/16 Bodies] Wrote block bodies         block_num=15274139 delivery/sec=4.1MB wasted/sec=0B alloc=5.6GB sys=12.5GB
Aug 09 16:20:12 mumbai-main erigon[544569]: [INFO] [08-09|16:20:12.390] [txpool] stat                            block=0 pending=0 baseFee=0 queued=626 alloc=5.9GB sys=12.5GB
Aug 09 16:20:15 mumbai-main erigon[544569]: [INFO] [08-09|16:20:15.785] [4/16 Bodies] Wrote block bodies         block_num=15274139 delivery/sec=1.9MB wasted/sec=182B alloc=5.9GB sys=12.5GB
Aug 09 16:20:35 mumbai-main erigon[544569]: [INFO] [08-09|16:20:35.785] [4/16 Bodies] Wrote block bodies         block_num=15282765 delivery/sec=4.5MB wasted/sec=0B alloc=6.6GB sys=12.5GB
Aug 09 16:20:55 mumbai-main erigon[544569]: [INFO] [08-09|16:20:55.786] [4/16 Bodies] Wrote block bodies         block_num=15282765 delivery/sec=1.7MB wasted/sec=0B alloc=7.0GB sys=12.5GB
Aug 09 16:21:12 mumbai-main erigon[544569]: [INFO] [08-09|16:21:12.378] [p2p] GoodPeers                          eth66=52
Aug 09 16:21:12 mumbai-main erigon[544569]: [INFO] [08-09|16:21:12.381] [txpool] stat                            block=0 pending=0 baseFee=0 queued=626 alloc=7.5GB sys=12.5GB
Aug 09 16:21:15 mumbai-main erigon[544569]: [INFO] [08-09|16:21:15.785] [4/16 Bodies] Wrote block bodies         block_num=15306534 delivery/sec=1.6MB wasted/sec=263B alloc=7.6GB sys=12.5GB
Aug 09 16:21:35 mumbai-main erigon[544569]: [INFO] [08-09|16:21:35.786] [4/16 Bodies] Wrote block bodies         block_num=15306534 delivery/sec=209.4KB wasted/sec=32B alloc=7.8GB sys=12.5GB
Aug 09 16:21:55 mumbai-main erigon[544569]: [INFO] [08-09|16:21:55.785] [4/16 Bodies] Wrote block bodies         block_num=15306534 delivery/sec=1.3MB wasted/sec=0B alloc=2.8GB sys=12.5GB
Aug 09 16:22:12 mumbai-main erigon[544569]: [INFO] [08-09|16:22:12.381] [txpool] stat                            block=0 pending=0 baseFee=0 queued=626 alloc=2.9GB sys=12.5GB
Aug 09 16:22:15 mumbai-main erigon[544569]: [INFO] [08-09|16:22:15.785] [4/16 Bodies] Wrote block bodies         block_num=15306555 delivery/sec=105.7KB wasted/sec=0B alloc=3.0GB sys=12.5GB
Aug 09 16:22:35 mumbai-main erigon[544569]: [INFO] [08-09|16:22:35.785] [4/16 Bodies] Wrote block bodies         block_num=15306973 delivery/sec=436.4KB wasted/sec=0B alloc=3.1GB sys=12.5GB
Aug 09 16:22:55 mumbai-main erigon[544569]: [INFO] [08-09|16:22:55.715] [4/16 Bodies] Processed                  highest=15308947
Aug 09 16:22:55 mumbai-main erigon[544569]: [INFO] [08-09|16:22:55.715] [4/16 Bodies] DONE                       in=18m59.930171248s
Aug 09 16:22:55 mumbai-main erigon[544569]: [INFO] [08-09|16:22:55.715] [5/16 Senders] Started                   from=14999999 to=15308947
Aug 09 16:23:12 mumbai-main erigon[544569]: [INFO] [08-09|16:23:12.378] [p2p] GoodPeers                          eth66=57
Aug 09 16:23:12 mumbai-main erigon[544569]: [INFO] [08-09|16:23:12.381] [txpool] stat                            block=0 pending=0 baseFee=0 queued=626 alloc=3.1GB sys=12.5GB
Aug 09 16:23:25 mumbai-main erigon[544569]: [INFO] [08-09|16:23:25.724] [5/16 Senders] Recovery                  block_number=15011276
Aug 09 16:23:55 mumbai-main erigon[544569]: [INFO] [08-09|16:23:55.722] [5/16 Senders] Recovery                  block_number=15025572
Aug 09 16:24:12 mumbai-main erigon[544569]: [INFO] [08-09|16:24:12.381] [txpool] stat                            block=0 pending=0 baseFee=0 queued=626 alloc=4.3GB sys=12.5GB
Aug 09 16:24:25 mumbai-main erigon[544569]: [INFO] [08-09|16:24:25.716] [5/16 Senders] Recovery                  block_number=15040032
Aug 09 16:24:55 mumbai-main erigon[544569]: [INFO] [08-09|16:24:55.715] [5/16 Senders] Recovery                  block_number=15053423
Aug 09 16:25:12 mumbai-main erigon[544569]: [INFO] [08-09|16:25:12.379] [p2p] GoodPeers                          eth66=56
Aug 09 16:25:12 mumbai-main erigon[544569]: [INFO] [08-09|16:25:12.390] [txpool] stat                            block=0 pending=0 baseFee=0 queued=626 alloc=5.5GB sys=12.9GB
Aug 09 16:25:25 mumbai-main erigon[544569]: [INFO] [08-09|16:25:25.722] [5/16 Senders] Recovery                  block_number=15067468
Aug 09 16:25:37 mumbai-main erigon[544569]: [INFO] [08-09|16:25:37.953] Flushed buffer file                      name=/home/ubuntu/.erigon_mainnet/etl-temp/erigon-sortable-buf-2012425078 alloc=5.4GB sys=12.9GB
Aug 09 16:25:55 mumbai-main erigon[544569]: [INFO] [08-09|16:25:55.716] [5/16 Senders] Recovery                  block_number=15079547
Aug 09 16:26:12 mumbai-main erigon[544569]: [INFO] [08-09|16:26:12.381] [txpool] stat                            block=0 pending=0 baseFee=0 queued=626 alloc=6.1GB sys=12.9GB
Aug 09 16:26:25 mumbai-main erigon[544569]: [INFO] [08-09|16:26:25.729] [5/16 Senders] Recovery                  block_number=15091706
Aug 09 16:26:55 mumbai-main erigon[544569]: [INFO] [08-09|16:26:55.726] [5/16 Senders] Recovery                  block_number=15103250
Aug 09 16:27:12 mumbai-main erigon[544569]: [INFO] [08-09|16:27:12.379] [p2p] GoodPeers                          eth66=59
Aug 09 16:27:12 mumbai-main erigon[544569]: [INFO] [08-09|16:27:12.383] [txpool] stat                            block=0 pending=0 baseFee=0 queued=626 alloc=6.0GB sys=12.9GB
Aug 09 16:27:25 mumbai-main erigon[544569]: [INFO] [08-09|16:27:25.716] [5/16 Senders] Recovery                  block_number=15115692
Aug 09 16:27:55 mumbai-main erigon[544569]: [INFO] [08-09|16:27:55.719] [5/16 Senders] Recovery                  block_number=15127705
Aug 09 16:28:12 mumbai-main erigon[544569]: [INFO] [08-09|16:28:12.383] [txpool] stat                            block=0 pending=0 baseFee=0 queued=626 alloc=6.4GB sys=12.9GB
Aug 09 16:28:25 mumbai-main erigon[544569]: [INFO] [08-09|16:28:25.716] [5/16 Senders] Recovery                  block_number=15142385
Aug 09 16:28:30 mumbai-main erigon[544569]: [INFO] [08-09|16:28:30.186] Flushed buffer file                      name=/home/ubuntu/.erigon_mainnet/etl-temp/erigon-sortable-buf-1787121403 alloc=5.5GB sys=12.9GB
Aug 09 16:28:55 mumbai-main erigon[544569]: [INFO] [08-09|16:28:55.716] [5/16 Senders] Recovery                  block_number=15157726
Aug 09 16:29:12 mumbai-main erigon[544569]: [INFO] [08-09|16:29:12.387] [txpool] stat                            block=0 pending=0 baseFee=0 queued=626 alloc=8.3GB sys=12.9GB
Aug 09 16:29:12 mumbai-main erigon[544569]: [INFO] [08-09|16:29:12.387] [p2p] GoodPeers                          eth66=59
Aug 09 16:29:25 mumbai-main erigon[544569]: [INFO] [08-09|16:29:25.720] [5/16 Senders] Recovery                  block_number=15169901
Aug 09 16:29:55 mumbai-main erigon[544569]: [INFO] [08-09|16:29:55.716] [5/16 Senders] Recovery                  block_number=15182420
Aug 09 16:30:12 mumbai-main erigon[544569]: [INFO] [08-09|16:30:12.395] [txpool] stat                            block=0 pending=0 baseFee=0 queued=626 alloc=8.6GB sys=12.9GB
Aug 09 16:30:25 mumbai-main erigon[544569]: [INFO] [08-09|16:30:25.718] [5/16 Senders] Recovery                  block_number=15195939
Aug 09 16:30:55 mumbai-main erigon[544569]: [INFO] [08-09|16:30:55.720] [5/16 Senders] Recovery                  block_number=15209821
Aug 09 16:31:10 mumbai-main erigon[544569]: [INFO] [08-09|16:31:10.567] Flushed buffer file                      name=/home/ubuntu/.erigon_mainnet/etl-temp/erigon-sortable-buf-747184529 alloc=4.9GB sys=12.9GB
Aug 09 16:31:12 mumbai-main erigon[544569]: [INFO] [08-09|16:31:12.379] [p2p] GoodPeers                          eth66=57
Aug 09 16:31:12 mumbai-main erigon[544569]: [INFO] [08-09|16:31:12.382] [txpool] stat                            block=0 pending=0 baseFee=0 queued=626 alloc=5.2GB sys=12.9GB
Aug 09 16:31:25 mumbai-main erigon[544569]: [INFO] [08-09|16:31:25.715] [5/16 Senders] Recovery                  block_number=15219850
Aug 09 16:31:55 mumbai-main erigon[544569]: [INFO] [08-09|16:31:55.716] [5/16 Senders] Recovery                  block_number=15232892
Aug 09 16:32:12 mumbai-main erigon[544569]: [INFO] [08-09|16:32:12.386] [txpool] stat                            block=0 pending=0 baseFee=0 queued=626 alloc=5.6GB sys=13.0GB
Aug 09 16:32:25 mumbai-main erigon[544569]: [INFO] [08-09|16:32:25.715] [5/16 Senders] Recovery                  block_number=15246317
Aug 09 16:32:55 mumbai-main erigon[544569]: [INFO] [08-09|16:32:55.715] [5/16 Senders] Recovery                  block_number=15257761
Aug 09 16:33:12 mumbai-main erigon[544569]: [INFO] [08-09|16:33:12.379] [p2p] GoodPeers                          eth66=59
Aug 09 16:33:12 mumbai-main erigon[544569]: [INFO] [08-09|16:33:12.382] [txpool] stat                            block=0 pending=0 baseFee=0 queued=626 alloc=5.4GB sys=13.0GB
Aug 09 16:33:25 mumbai-main erigon[544569]: [INFO] [08-09|16:33:25.726] [5/16 Senders] Recovery                  block_number=15270043
Aug 09 16:33:55 mumbai-main erigon[544569]: [INFO] [08-09|16:33:55.715] [5/16 Senders] Recovery                  block_number=15280038
Aug 09 16:33:59 mumbai-main erigon[544569]: [INFO] [08-09|16:33:59.635] Flushed buffer file                      name=/home/ubuntu/.erigon_mainnet/etl-temp/erigon-sortable-buf-1232899437 alloc=7.7GB sys=13.0GB
Aug 09 16:34:12 mumbai-main erigon[544569]: [INFO] [08-09|16:34:12.390] [txpool] stat                            block=0 pending=0 baseFee=0 queued=626 alloc=4.9GB sys=13.0GB
Aug 09 16:34:25 mumbai-main erigon[544569]: [INFO] [08-09|16:34:25.715] [5/16 Senders] Recovery                  block_number=15291270
Aug 09 16:34:55 mumbai-main erigon[544569]: [INFO] [08-09|16:34:55.718] [5/16 Senders] Recovery                  block_number=15303796
Aug 09 16:35:07 mumbai-main erigon[544569]: [INFO] [08-09|16:35:07.880] Flushed buffer file                      name=/home/ubuntu/.erigon_mainnet/etl-temp/erigon-sortable-buf-368290670 alloc=7.0GB sys=13.0GB
Aug 09 16:35:08 mumbai-main erigon[544569]: [INFO] [08-09|16:35:08.724] [5/16 Senders] etl: temp files removed   total size=1.1GB
Aug 09 16:35:09 mumbai-main erigon[544569]: [INFO] [08-09|16:35:09.749] [5/16 Senders] DONE                      in=12m14.03438642s
Aug 09 16:35:09 mumbai-main erigon[544569]: [INFO] [08-09|16:35:09.749] [6/16 Execution] Blocks execution        from=0 to=15308947
Aug 09 16:35:12 mumbai-main erigon[544569]: [INFO] [08-09|16:35:12.378] [p2p] GoodPeers                          eth66=61
Aug 09 16:35:12 mumbai-main erigon[544569]: [INFO] [08-09|16:35:12.381] [txpool] stat                            block=0 pending=0 baseFee=0 queued=626 alloc=8.4GB sys=13.0GB
Aug 09 16:35:29 mumbai-main erigon[544569]: [INFO] [08-09|16:35:29.763] [6/16 Execution] Executed blocks         number=445694 blk/s=22269.3 tx/s=21373.7 Mgas/s=662.3 gasState=0.02 batch=47.0MB alloc=4.7GB sys=13.0GB
Aug 09 16:35:49 mumbai-main erigon[544569]: [INFO] [08-09|16:35:49.750] [6/16 Execution] Executed blocks         number=695637 blk/s=12505.7 tx/s=19506.2 Mgas/s=735.0 gasState=0.05 batch=83.0MB alloc=4.5GB sys=13.0GB
Aug 09 16:36:09 mumbai-main erigon[544569]: [INFO] [08-09|16:36:09.750] [6/16 Execution] Executed blocks         number=770101 blk/s=3723.2 tx/s=10049.4 Mgas/s=626.7 gasState=0.07 batch=102.9MB alloc=4.7GB sys=13.0GB
Aug 09 16:36:12 mumbai-main erigon[544569]: [INFO] [08-09|16:36:12.382] [txpool] stat                            block=0 pending=0 baseFee=0 queued=626 alloc=2.8GB sys=13.0GB
Aug 09 16:36:29 mumbai-main erigon[544569]: [INFO] [08-09|16:36:29.751] [6/16 Execution] Executed blocks         number=855993 blk/s=4294.4 tx/s=10737.7 Mgas/s=560.4 gasState=0.09 batch=128.4MB alloc=4.8GB sys=13.0GB
Aug 09 16:36:49 mumbai-main erigon[544569]: [INFO] [08-09|16:36:49.750] [6/16 Execution] Executed blocks         number=991609 blk/s=6780.9 tx/s=20470.8 Mgas/s=770.0 gasState=0.12 batch=168.2MB alloc=3.6GB sys=13.0GB
Aug 09 16:37:09 mumbai-main erigon[544569]: [INFO] [08-09|16:37:09.750] [6/16 Execution] Executed blocks         number=1145031 blk/s=7671.1 tx/s=32340.9 Mgas/s=1044.4 gasState=0.16 batch=219.0MB alloc=3.8GB sys=13.0GB
Aug 09 16:37:12 mumbai-main erigon[544569]: [INFO] [08-09|16:37:12.379] [p2p] GoodPeers                          eth66=59
Aug 09 16:37:12 mumbai-main erigon[544569]: [INFO] [08-09|16:37:12.381] [txpool] stat                            block=0 pending=0 baseFee=0 queued=626 alloc=4.8GB sys=13.0GB
Aug 09 16:37:29 mumbai-main erigon[544569]: [INFO] [08-09|16:37:29.751] [6/16 Execution] Executed blocks         number=1245187 blk/s=5007.8 tx/s=27559.8 Mgas/s=945.7 gasState=0.19 batch=261.9MB alloc=5.2GB sys=13.0GB
Aug 09 16:37:49 mumbai-main erigon[544569]: [INFO] [08-09|16:37:49.755] [6/16 Execution] Executed blocks         number=1343610 blk/s=4919.9 tx/s=27241.3 Mgas/s=828.6 gasState=0.22 batch=297.8MB alloc=3.9GB sys=13.0GB
Aug 09 16:38:09 mumbai-main erigon[544569]: [INFO] [08-09|16:38:09.750] [6/16 Execution] Executed blocks         number=1464125 blk/s=6027.5 tx/s=35912.5 Mgas/s=1074.7 gasState=0.26 batch=346.3MB alloc=4.1GB sys=13.0GB
Aug 09 16:38:12 mumbai-main erigon[544569]: [INFO] [08-09|16:38:12.381] [txpool] stat                            block=0 pending=0 baseFee=0 queued=626 alloc=4.8GB sys=13.0GB
Aug 09 16:38:29 mumbai-main erigon[544569]: [INFO] [08-09|16:38:29.749] [6/16 Execution] Executed blocks         number=1550824 blk/s=4335.0 tx/s=30348.6 Mgas/s=1009.8 gasState=0.30 batch=394.7MB alloc=3.1GB sys=13.0GB
Aug 09 16:38:49 mumbai-main erigon[544569]: [INFO] [08-09|16:38:49.750] [6/16 Execution] Executed blocks         number=1645083 blk/s=4712.9 tx/s=35347.5 Mgas/s=1178.5 gasState=0.34 batch=450.8MB alloc=2.9GB sys=13.0GB
Aug 09 16:39:09 mumbai-main erigon[544569]: [INFO] [08-09|16:39:09.752] [6/16 Execution] Executed blocks         number=1719845 blk/s=3737.8 tx/s=26364.3 Mgas/s=1050.8 gasState=0.38 batch=495.3MB alloc=3.8GB sys=13.0GB
Aug 09 16:39:12 mumbai-main erigon[544569]: [INFO] [08-09|16:39:12.379] [p2p] GoodPeers                          eth66=60
Aug 09 16:39:12 mumbai-main erigon[544569]: [INFO] [08-09|16:39:12.381] [txpool] stat                            block=0 pending=0 baseFee=0 queued=626 alloc=3.9GB sys=13.0GB
Aug 09 16:39:29 mumbai-main erigon[544569]: [INFO] [08-09|16:39:29.772] [6/16 Execution] Executed blocks         number=1722935 blk/s=154.3 tx/s=2024.4 Mgas/s=294.4 gasState=0.39 batch=500.0MB alloc=4.5GB sys=13.0GB
Aug 09 16:39:49 mumbai-main erigon[544569]: [INFO] [08-09|16:39:49.753] [6/16 Execution] Executed blocks         number=1725677 blk/s=137.2 tx/s=1463.5 Mgas/s=261.1 gasState=0.40 batch=504.1MB alloc=5.0GB sys=13.0GB
Aug 09 16:40:09 mumbai-main erigon[544569]: [INFO] [08-09|16:40:09.765] [6/16 Execution] Executed blocks         number=1727484 blk/s=90.3 tx/s=837.6 Mgas/s=218.5 gasState=0.41 batch=506.3MB alloc=5.4GB sys=13.0GB
Aug 09 16:40:12 mumbai-main erigon[544569]: [INFO] [08-09|16:40:12.385] [txpool] stat                            block=0 pending=0 baseFee=0 queued=626 alloc=5.4GB sys=13.0GB
Aug 09 16:40:29 mumbai-main erigon[544569]: [INFO] [08-09|16:40:29.757] [6/16 Execution] Executed blocks         number=1729464 blk/s=99.0 tx/s=1209.1 Mgas/s=238.8 gasState=0.42 batch=508.8MB alloc=3.2GB sys=13.0GB
Aug 09 16:40:49 mumbai-main erigon[544569]: [INFO] [08-09|16:40:49.750] [6/16 Execution] Executed blocks         number=1792120 blk/s=3133.8 tx/s=22808.5 Mgas/s=942.1 gasState=0.45 batch=551.6MB alloc=3.6GB sys=13.0GB
Aug 09 16:41:09 mumbai-main erigon[544569]: [INFO] [08-09|16:41:09.766] [6/16 Execution] Executed blocks         number=1849705 blk/s=2877.0 tx/s=20739.4 Mgas/s=866.6 gasState=0.48 batch=583.1MB alloc=3.2GB sys=13.0GB
Aug 09 16:41:12 mumbai-main erigon[544569]: [INFO] [08-09|16:41:12.378] [p2p] GoodPeers                          eth66=64
Aug 09 16:41:12 mumbai-main erigon[544569]: [INFO] [08-09|16:41:12.381] [txpool] stat                            block=0 pending=0 baseFee=0 queued=626 alloc=3.4GB sys=13.0GB
Aug 09 16:41:29 mumbai-main erigon[544569]: [INFO] [08-09|16:41:29.750] [6/16 Execution] Executed blocks         number=1910180 blk/s=3026.2 tx/s=19333.6 Mgas/s=698.2 gasState=0.51 batch=614.1MB alloc=4.8GB sys=13.0GB
